{"/home/gabriel/Downloads/My Pharma teste/mypharma-backend/src/Repositories/signUp-repository/index.ts": {"path":"/home/gabriel/Downloads/My Pharma teste/mypharma-backend/src/Repositories/signUp-repository/index.ts","statementMap":{"0":{"start":{"line":1,"column":0},"end":{"line":1,"column":50}},"1":{"start":{"line":4,"column":4},"end":{"line":4,"column":null}},"2":{"start":{"line":8,"column":4},"end":{"line":8,"column":null}},"3":{"start":{"line":11,"column":25},"end":{"line":14,"column":null}},"4":{"start":{"line":16,"column":0},"end":{"line":16,"column":null}}},"fnMap":{"0":{"name":"create","decl":{"start":{"line":3,"column":15},"end":{"line":3,"column":21}},"loc":{"start":{"line":3,"column":71},"end":{"line":5,"column":1}}},"1":{"name":"findOne","decl":{"start":{"line":7,"column":15},"end":{"line":7,"column":22}},"loc":{"start":{"line":7,"column":36},"end":{"line":9,"column":1}}}},"branchMap":{},"s":{"0":1,"1":0,"2":1,"3":1,"4":1},"f":{"0":0,"1":1},"b":{}}
,"/home/gabriel/Downloads/My Pharma teste/mypharma-backend/src/Service/signUp-service/index.ts": {"path":"/home/gabriel/Downloads/My Pharma teste/mypharma-backend/src/Service/signUp-service/index.ts","statementMap":{"0":{"start":{"line":1,"column":0},"end":{"line":1,"column":28}},"1":{"start":{"line":2,"column":0},"end":{"line":2,"column":68}},"2":{"start":{"line":5,"column":23},"end":{"line":5,"column":52}},"3":{"start":{"line":6,"column":15},"end":{"line":6,"column":52}},"4":{"start":{"line":7,"column":2},"end":{"line":7,"column":49}},"5":{"start":{"line":7,"column":12},"end":{"line":7,"column":49}},"6":{"start":{"line":8,"column":2},"end":{"line":8,"column":59}},"7":{"start":{"line":11,"column":22},"end":{"line":13,"column":2}},"8":{"start":{"line":15,"column":0},"end":{"line":15,"column":29}}},"fnMap":{"0":{"name":"signUp","decl":{"start":{"line":4,"column":15},"end":{"line":4,"column":21}},"loc":{"start":{"line":4,"column":67},"end":{"line":9,"column":1}}}},"branchMap":{"0":{"loc":{"start":{"line":7,"column":2},"end":{"line":7,"column":49}},"type":"if","locations":[{"start":{"line":7,"column":2},"end":{"line":7,"column":49}}]}},"s":{"0":1,"1":1,"2":1,"3":1,"4":1,"5":1,"6":0,"7":1,"8":1},"f":{"0":1},"b":{"0":[1]}}
,"/home/gabriel/Downloads/My Pharma teste/mypharma-backend/src/dataBase/db.ts": {"path":"/home/gabriel/Downloads/My Pharma teste/mypharma-backend/src/dataBase/db.ts","statementMap":{"0":{"start":{"line":1,"column":0},"end":{"line":1,"column":38}},"1":{"start":{"line":2,"column":0},"end":{"line":2,"column":27}},"2":{"start":{"line":3,"column":0},"end":{"line":3,"column":null}},"3":{"start":{"line":5,"column":20},"end":{"line":5,"column":63}},"4":{"start":{"line":7,"column":0},"end":{"line":14,"column":null}},"5":{"start":{"line":8,"column":4},"end":{"line":13,"column":null}},"6":{"start":{"line":9,"column":8},"end":{"line":9,"column":null}},"7":{"start":{"line":10,"column":8},"end":{"line":10,"column":null}},"8":{"start":{"line":12,"column":8},"end":{"line":12,"column":null}},"9":{"start":{"line":16,"column":11},"end":{"line":16,"column":37}},"10":{"start":{"line":17,"column":13},"end":{"line":17,"column":null}},"11":{"start":{"line":18,"column":13},"end":{"line":18,"column":null}},"12":{"start":{"line":19,"column":13},"end":{"line":19,"column":null}},"13":{"start":{"line":20,"column":13},"end":{"line":20,"column":null}}},"fnMap":{"0":{"name":"(anonymous_1)","decl":{"start":{"line":7,"column":1},"end":{"line":7,"column":6}},"loc":{"start":{"line":7,"column":10},"end":{"line":14,"column":1}}}},"branchMap":{},"s":{"0":1,"1":1,"2":1,"3":1,"4":1,"5":0,"6":0,"7":0,"8":0,"9":1,"10":1,"11":1,"12":1,"13":1},"f":{"0":0},"b":{}}
}
