TN:
SF:src/Repositories/signUp-repository/index.ts
FN:3,create
FN:7,findOne
FNF:2
FNH:1
FNDA:0,create
FNDA:1,findOne
DA:1,1
DA:4,0
DA:8,1
DA:11,1
DA:16,1
LF:5
LH:4
BRF:0
BRH:0
end_of_record
TN:
SF:src/Service/signUp-service/index.ts
FN:4,signUp
FNF:1
FNH:1
FNDA:1,signUp
DA:1,1
DA:2,1
DA:5,1
DA:6,1
DA:7,1
DA:8,0
DA:11,1
DA:15,1
LF:8
LH:7
BRDA:7,0,0,1
BRF:1
BRH:1
end_of_record
TN:
SF:src/dataBase/db.ts
FN:7,(anonymous_1)
FNF:1
FNH:0
FNDA:0,(anonymous_1)
DA:1,1
DA:2,1
DA:3,1
DA:5,1
DA:7,1
DA:8,0
DA:9,0
DA:10,0
DA:12,0
DA:16,1
DA:17,1
DA:18,1
DA:19,1
DA:20,1
LF:14
LH:10
BRF:0
BRH:0
end_of_record
